

Started GET "/" for 127.0.0.1 at 2014-04-27 13:28:54 -0700
Processing by PagesController#home as HTML
  Rendered pages/home.html.erb within layouts/application (2.2ms)
Completed 500 Internal Server Error in 199ms

Sprockets::FileNotFound - couldn't find file 'turbolinks'
  (in /Users/traviskochel/github/Breaker/app/assets/javascripts/application.js:15):
  sprockets (2.11.0) lib/sprockets/context.rb:106:in `resolve'
  sprockets (2.11.0) lib/sprockets/context.rb:146:in `require_asset'
  sprockets (2.11.0) lib/sprockets/directive_processor.rb:217:in `process_require_directive'
  sprockets (2.11.0) lib/sprockets/directive_processor.rb:167:in `block in process_directives'
  sprockets (2.11.0) lib/sprockets/directive_processor.rb:165:in `process_directives'
  sprockets (2.11.0) lib/sprockets/directive_processor.rb:99:in `evaluate'
  tilt (1.4.1) lib/tilt/template.rb:103:in `render'
  sprockets (2.11.0) lib/sprockets/context.rb:197:in `block in evaluate'
  sprockets (2.11.0) lib/sprockets/context.rb:194:in `evaluate'
  sprockets (2.11.0) lib/sprockets/processed_asset.rb:12:in `initialize'
  sprockets (2.11.0) lib/sprockets/base.rb:374:in `block in build_asset'
  sprockets (2.11.0) lib/sprockets/base.rb:395:in `circular_call_protection'
  sprockets (2.11.0) lib/sprockets/base.rb:373:in `build_asset'
  sprockets (2.11.0) lib/sprockets/index.rb:94:in `block in build_asset'
  sprockets (2.11.0) lib/sprockets/caching.rb:58:in `cache_asset'
  sprockets (2.11.0) lib/sprockets/index.rb:93:in `build_asset'
  sprockets (2.11.0) lib/sprockets/base.rb:287:in `find_asset'
  sprockets (2.11.0) lib/sprockets/index.rb:61:in `find_asset'
  sprockets (2.11.0) lib/sprockets/bundled_asset.rb:16:in `initialize'
  sprockets (2.11.0) lib/sprockets/base.rb:377:in `build_asset'
  sprockets (2.11.0) lib/sprockets/index.rb:94:in `block in build_asset'
  sprockets (2.11.0) lib/sprockets/caching.rb:58:in `cache_asset'
  sprockets (2.11.0) lib/sprockets/index.rb:93:in `build_asset'
  sprockets (2.11.0) lib/sprockets/base.rb:287:in `find_asset'
  sprockets (2.11.0) lib/sprockets/index.rb:61:in `find_asset'
  sprockets (2.11.0) lib/sprockets/environment.rb:75:in `find_asset'
  sprockets (2.11.0) lib/sprockets/base.rb:295:in `[]'
  sprockets-rails (2.1.3) lib/sprockets/rails/helper.rb:214:in `lookup_asset_for_path'
  sprockets-rails (2.1.3) lib/sprockets/rails/helper.rb:182:in `check_errors_for'
  sprockets-rails (2.1.3) lib/sprockets/rails/helper.rb:134:in `block in javascript_include_tag'
  sprockets-rails (2.1.3) lib/sprockets/rails/helper.rb:133:in `javascript_include_tag'
   () Users/traviskochel/github/Breaker/app/views/layouts/application.html.erb:6:in `_app_views_layouts_application_html_erb__2773293747059009300_2214925320'
  actionview (4.1.0) lib/action_view/template.rb:145:in `block in render'
  activesupport (4.1.0) lib/active_support/notifications.rb:159:in `block in instrument'
  activesupport (4.1.0) lib/active_support/notifications/instrumenter.rb:20:in `instrument'
  activesupport (4.1.0) lib/active_support/notifications.rb:159:in `instrument'
  actionview (4.1.0) lib/action_view/template.rb:339:in `instrument'
  actionview (4.1.0) lib/action_view/template.rb:143:in `render'
  actionview (4.1.0) lib/action_view/renderer/template_renderer.rb:67:in `render_with_layout'
  actionview (4.1.0) lib/action_view/renderer/template_renderer.rb:53:in `render_template'
  actionview (4.1.0) lib/action_view/renderer/template_renderer.rb:17:in `render'
  actionview (4.1.0) lib/action_view/renderer/renderer.rb:42:in `render_template'
  actionview (4.1.0) lib/action_view/renderer/renderer.rb:23:in `render'
  actionview (4.1.0) lib/action_view/rendering.rb:99:in `_render_template'
  actionpack (4.1.0) lib/action_controller/metal/streaming.rb:217:in `_render_template'
  actionview (4.1.0) lib/action_view/rendering.rb:82:in `render_to_body'
  actionpack (4.1.0) lib/action_controller/metal/rendering.rb:32:in `render_to_body'
  actionpack (4.1.0) lib/action_controller/metal/renderers.rb:32:in `render_to_body'
  actionpack (4.1.0) lib/abstract_controller/rendering.rb:25:in `render'
  actionpack (4.1.0) lib/action_controller/metal/rendering.rb:16:in `render'
  actionpack (4.1.0) lib/action_controller/metal/instrumentation.rb:41:in `block (2 levels) in render'
  activesupport (4.1.0) lib/active_support/core_ext/benchmark.rb:12:in `block in ms'
   () Users/traviskochel/.rvm/rubies/ruby-2.0.0-p451/lib/ruby/2.0.0/benchmark.rb:296:in `realtime'
  activesupport (4.1.0) lib/active_support/core_ext/benchmark.rb:12:in `ms'
  actionpack (4.1.0) lib/action_controller/metal/instrumentation.rb:41:in `block in render'
  actionpack (4.1.0) lib/action_controller/metal/instrumentation.rb:84:in `cleanup_view_runtime'
  activerecord (4.1.0) lib/active_record/railties/controller_runtime.rb:25:in `cleanup_view_runtime'
  actionpack (4.1.0) lib/action_controller/metal/instrumentation.rb:40:in `render'
  actionpack (4.1.0) lib/action_controller/metal/implicit_render.rb:10:in `default_render'
  actionpack (4.1.0) lib/action_controller/metal/implicit_render.rb:4:in `send_action'
  actionpack (4.1.0) lib/abstract_controller/base.rb:189:in `process_action'
  actionpack (4.1.0) lib/action_controller/metal/rendering.rb:10:in `process_action'
  actionpack (4.1.0) lib/abstract_controller/callbacks.rb:20:in `block in process_action'
  activesupport (4.1.0) lib/active_support/callbacks.rb:113:in `call'
  activesupport (4.1.0) lib/active_support/callbacks.rb:229:in `block in halting'
  activesupport (4.1.0) lib/active_support/callbacks.rb:166:in `block in halting'
  activesupport (4.1.0) lib/active_support/callbacks.rb:86:in `run_callbacks'
  actionpack (4.1.0) lib/abstract_controller/callbacks.rb:19:in `process_action'
  actionpack (4.1.0) lib/action_controller/metal/rescue.rb:29:in `process_action'
  actionpack (4.1.0) lib/action_controller/metal/instrumentation.rb:31:in `block in process_action'
  activesupport (4.1.0) lib/active_support/notifications.rb:159:in `block in instrument'
  activesupport (4.1.0) lib/active_support/notifications/instrumenter.rb:20:in `instrument'
  activesupport (4.1.0) lib/active_support/notifications.rb:159:in `instrument'
  actionpack (4.1.0) lib/action_controller/metal/instrumentation.rb:30:in `process_action'
  actionpack (4.1.0) lib/action_controller/metal/params_wrapper.rb:250:in `process_action'
  activerecord (4.1.0) lib/active_record/railties/controller_runtime.rb:18:in `process_action'
  actionpack (4.1.0) lib/abstract_controller/base.rb:136:in `process'
  actionview (4.1.0) lib/action_view/rendering.rb:30:in `process'
  actionpack (4.1.0) lib/action_controller/metal.rb:195:in `dispatch'
  actionpack (4.1.0) lib/action_controller/metal/rack_delegation.rb:13:in `dispatch'
  actionpack (4.1.0) lib/action_controller/metal.rb:231:in `block in action'
  actionpack (4.1.0) lib/action_dispatch/routing/route_set.rb:80:in `dispatch'
  actionpack (4.1.0) lib/action_dispatch/routing/route_set.rb:48:in `call'
  actionpack (4.1.0) lib/action_dispatch/journey/router.rb:71:in `block in call'
  actionpack (4.1.0) lib/action_dispatch/journey/router.rb:59:in `call'
  actionpack (4.1.0) lib/action_dispatch/routing/route_set.rb:676:in `call'
  bullet (4.8.0) lib/bullet/rack.rb:10:in `call'
  meta_request (0.3.0) lib/meta_request/middlewares/app_request_handler.rb:13:in `call'
  rack-contrib (1.1.0) lib/rack/contrib/response_headers.rb:17:in `call'
  meta_request (0.3.0) lib/meta_request/middlewares/headers.rb:16:in `call'
  meta_request (0.3.0) lib/meta_request/middlewares/meta_request_handler.rb:13:in `call'
  newrelic_rpm (3.8.0.218) lib/new_relic/rack/error_collector.rb:55:in `call'
  newrelic_rpm (3.8.0.218) lib/new_relic/rack/agent_hooks.rb:32:in `call'
  newrelic_rpm (3.8.0.218) lib/new_relic/rack/browser_monitoring.rb:27:in `call'
  rack (1.5.2) lib/rack/etag.rb:23:in `call'
  rack (1.5.2) lib/rack/conditionalget.rb:25:in `call'
  rack (1.5.2) lib/rack/head.rb:11:in `call'
  actionpack (4.1.0) lib/action_dispatch/middleware/params_parser.rb:27:in `call'
  actionpack (4.1.0) lib/action_dispatch/middleware/flash.rb:254:in `call'
  rack (1.5.2) lib/rack/session/abstract/id.rb:225:in `context'
  rack (1.5.2) lib/rack/session/abstract/id.rb:220:in `call'
  actionpack (4.1.0) lib/action_dispatch/middleware/cookies.rb:560:in `call'
  activerecord (4.1.0) lib/active_record/query_cache.rb:36:in `call'
  activerecord (4.1.0) lib/active_record/connection_adapters/abstract/connection_pool.rb:621:in `call'
  activerecord (4.1.0) lib/active_record/migration.rb:380:in `call'
  actionpack (4.1.0) lib/action_dispatch/middleware/callbacks.rb:29:in `block in call'
  activesupport (4.1.0) lib/active_support/callbacks.rb:82:in `run_callbacks'
  actionpack (4.1.0) lib/action_dispatch/middleware/callbacks.rb:27:in `call'
  rails-dev-tweaks (1.1.0) lib/rails_dev_tweaks/granular_autoload/middleware.rb:34:in `call'
  actionpack (4.1.0) lib/action_dispatch/middleware/remote_ip.rb:76:in `call'
  better_errors (1.1.0) lib/better_errors/middleware.rb:84:in `protected_app_call'
  better_errors (1.1.0) lib/better_errors/middleware.rb:79:in `better_errors_call'
  better_errors (1.1.0) lib/better_errors/middleware.rb:56:in `call'
  actionpack (4.1.0) lib/action_dispatch/middleware/debug_exceptions.rb:17:in `call'
  actionpack (4.1.0) lib/action_dispatch/middleware/show_exceptions.rb:30:in `call'
  railties (4.1.0) lib/rails/rack/logger.rb:38:in `call_app'
  railties (4.1.0) lib/rails/rack/logger.rb:20:in `block in call'
  activesupport (4.1.0) lib/active_support/tagged_logging.rb:68:in `block in tagged'
  activesupport (4.1.0) lib/active_support/tagged_logging.rb:26:in `tagged'
  activesupport (4.1.0) lib/active_support/tagged_logging.rb:68:in `tagged'
  railties (4.1.0) lib/rails/rack/logger.rb:20:in `call'
  quiet_assets (1.0.2) lib/quiet_assets.rb:18:in `call_with_quiet_assets'
  actionpack (4.1.0) lib/action_dispatch/middleware/request_id.rb:21:in `call'
  rack (1.5.2) lib/rack/methodoverride.rb:21:in `call'
  rack (1.5.2) lib/rack/runtime.rb:17:in `call'
  activesupport (4.1.0) lib/active_support/cache/strategy/local_cache_middleware.rb:26:in `call'
  rack (1.5.2) lib/rack/lock.rb:17:in `call'
  actionpack (4.1.0) lib/action_dispatch/middleware/static.rb:64:in `call'
  rack (1.5.2) lib/rack/sendfile.rb:112:in `call'
  railties (4.1.0) lib/rails/engine.rb:514:in `call'
  railties (4.1.0) lib/rails/application.rb:144:in `call'
  rack (1.5.2) lib/rack/content_length.rb:14:in `call'
  thin (1.6.2) lib/thin/connection.rb:86:in `block in pre_process'
  thin (1.6.2) lib/thin/connection.rb:84:in `pre_process'
  thin (1.6.2) lib/thin/connection.rb:53:in `process'
  thin (1.6.2) lib/thin/connection.rb:39:in `receive_data'
  eventmachine (1.0.3) lib/eventmachine.rb:187:in `run'
  thin (1.6.2) lib/thin/backends/base.rb:73:in `start'
  thin (1.6.2) lib/thin/server.rb:162:in `start'
  rack (1.5.2) lib/rack/handler/thin.rb:16:in `run'
  rack (1.5.2) lib/rack/server.rb:264:in `start'
  railties (4.1.0) lib/rails/commands/server.rb:69:in `start'
  railties (4.1.0) lib/rails/commands/commands_tasks.rb:81:in `block in server'
  railties (4.1.0) lib/rails/commands/commands_tasks.rb:76:in `server'
  railties (4.1.0) lib/rails/commands/commands_tasks.rb:40:in `run_command!'
  railties (4.1.0) lib/rails/commands.rb:17:in `<top (required)>'
   () Users/traviskochel/github/Breaker/bin/rails:8:in `<top (required)>'
  spring (1.1.2) lib/spring/client/rails.rb:27:in `call'
  spring (1.1.2) lib/spring/client/command.rb:7:in `call'
  spring (1.1.2) lib/spring/client.rb:26:in `run'
  spring (1.1.2) bin/spring:48:in `<top (required)>'
  spring (1.1.2) lib/spring/binstub.rb:11:in `<top (required)>'
   () Users/traviskochel/github/Breaker/bin/spring:16:in `<top (required)>'
   () rails:3:in `<main>'



Started POST "/__better_errors/2217133720/variables" for 127.0.0.1 at 2014-04-27 13:28:55 -0700


Started GET "/" for 127.0.0.1 at 2014-04-27 13:29:59 -0700
Processing by PagesController#home as HTML
  Rendered pages/home.html.erb within layouts/application (1.5ms)
Completed 200 OK in 1015ms (Views: 909.9ms | ActiveRecord: 0.0ms)
